[15/4/2018 22:33:25] /citywar accept, Oncao
[15/4/2018 22:33:53] /citywar accept, Oncao
[15/4/2018 23:0:54] /citywar accept, Oncao
[15/4/2018 23:0:59] /citywar go
[15/4/2018 23:1:12] !citywar go
[15/4/2018 23:1:15] /citywar go
[21/4/2018 16:32:8] /warcarlin invite, Cocozin, paunoseu cu
[21/4/2018 16:32:45] /warcarlin invite, Cocozin, paunoseu cu
[21/4/2018 16:32:49] /warcarlin go
[21/4/2018 16:52:21] /warcarlin invite, Aviao
[21/4/2018 16:52:32] /warcarlin invite,
[21/4/2018 16:52:35] /warcarlin invite
[21/4/2018 16:53:56] /warcarlin invite
[21/4/2018 16:54:1] /warcarlin invite, Onca
[21/4/2018 16:54:3] /warcarlin invite, Oncao
[21/4/2018 17:3:15] /warcarlin invite
[21/4/2018 17:3:19] /warcarlin invite, Oncao
[21/4/2018 17:3:53] /warcarlin invite, Oncao,10
[21/4/2018 17:3:56] /warcarlin invite, Oncao,15
[21/4/2018 17:4:0] /warcarlin invite, Oncao, 1242134
[21/4/2018 17:4:3] /warcarlin invite, Oncao
[21/4/2018 17:4:7] /warcarlin invite, Oncao, paunocu
[21/4/2018 17:4:10] /warcarlin invite, Oncao, 3
[21/4/2018 17:4:12] /warcarlin invite, Oncao, 3
[21/4/2018 17:4:23] /warcarlin invite, Oncao,3
[21/4/2018 17:6:53] /warcarlin invite, Oncao, paunocu
[21/4/2018 17:6:57] /warcarlin invite, Oncao
[21/4/2018 17:6:59] /warcarlin invite, Oncao,2
[21/4/2018 17:7:34] /warcarlin go
[21/4/2018 17:23:18] /warcarlin invite, Oncao
[21/4/2018 17:23:20] /warcarlin invite, Oncao,2
[21/4/2018 17:23:51] /warcarlin go
[21/4/2018 17:23:55] /warcarlin go
[21/4/2018 17:27:11] /warcarlin oncao
[21/4/2018 17:27:13] /warcarlin oncao
[21/4/2018 17:27:17] /warcarlin invite
[21/4/2018 17:27:20] /warcarlin invite, oncao
[21/4/2018 17:27:30] /warcarlin invite, oncao,2
[21/4/2018 17:27:49] /warcarlin go
[21/4/2018 17:35:22] /warcarlin invite, oncao,
[21/4/2018 17:35:39] /warcarlin invite, oncao,
[21/4/2018 17:35:43] /warcarlin invite, oncao,
[21/4/2018 17:36:14] /warcarlin invite, 
[21/4/2018 17:36:18] /warcarlin invite, 
[21/4/2018 17:36:33] /warcarlin invite, 
[21/4/2018 17:36:36] /warcarlin invite, Oncao
[21/4/2018 17:37:3] /warcarlin invite, Oncao,2
[21/4/2018 17:37:16] /warcarlin go
