[17/3/2018 16:42:32] /reload creaturescripts
[17/3/2018 16:48:56] /reload creaturescripts
[17/3/2018 17:2:54] /reload creaturescripts
[17/3/2018 17:3:3] /reload talkactions
[17/3/2018 17:3:33] /reload creaturescripts
[17/3/2018 22:40:37] /reload creaturescripts
[17/3/2018 22:40:43] /reload talkactions
[17/3/2018 22:40:48] /reload talkactions
[17/3/2018 22:43:2] /reload creaturescripts
[17/3/2018 22:43:7] /reload talkactions
[17/3/2018 22:52:28] /reload creaturescripts
[17/3/2018 22:52:32] /reload talkactions
[17/3/2018 22:52:50] /r
[17/3/2018 22:58:12] /reload creaturescripts
[17/3/2018 22:58:19] /reload talkactions
[17/3/2018 23:2:39] /reload creaturescripts
[17/3/2018 23:7:59] /reload creaturescripts
[17/3/2018 23:9:1] /reload creaturescripts
[17/3/2018 23:13:21] /reload creaturescripts
[17/3/2018 23:14:57] /reload creaturescripts
[17/3/2018 23:15:3] /reload talkactions
[17/3/2018 23:17:11] /reload creaturescripts
[17/3/2018 23:18:47] /reload creaturescripts
[17/3/2018 23:20:14] /reload creaturescripts
[17/3/2018 23:22:26] /reload creaturescripts
[17/3/2018 23:25:35] /reload creaturescripts
[17/3/2018 23:28:22] /reload creaturescripts
[17/3/2018 23:34:39] /reload creaturescripts
[17/3/2018 23:42:2] /reload creaturescripts
[17/3/2018 23:43:0] /reload creaturescripts
[17/3/2018 23:43:26] /reload creaturescripts
[17/3/2018 23:44:6] /m baylor
[17/3/2018 23:44:6] /m baylor
[17/3/2018 23:45:59] /m baylor
[17/3/2018 23:46:0] /m baylor
[17/3/2018 23:46:0] /m baylor
[18/3/2018 0:11:42] /reload creaturescripts
[18/3/2018 0:12:37] /reload creaturescripts
[18/3/2018 0:24:15] /reload creaturescripts
[18/3/2018 0:24:49] /m baylor
[18/3/2018 0:24:49] /m baylor
[18/3/2018 0:24:49] /m baylor
[18/3/2018 0:24:49] /m baylor
[18/3/2018 0:24:50] /m baylor
[18/3/2018 0:24:50] /m baylor
[18/3/2018 0:24:50] /m baylor
[18/3/2018 0:24:50] /m baylor
[18/3/2018 0:24:50] /m baylor
[18/3/2018 0:24:50] /m baylor
[18/3/2018 0:44:19] /reload creaturescripts
[18/3/2018 0:49:47] /reload creaturescripts
[18/3/2018 0:49:55] /r
[18/3/2018 0:52:42] /reload creaturescripts
[18/3/2018 1:9:0] /reload creaturescripts
[18/3/2018 1:10:4] /reload creaturescripts
[18/3/2018 1:11:37] /reload creaturescripts
[18/3/2018 1:12:22] /reload creaturescripts
[18/3/2018 1:41:53] /reload creaturescripts
[9/4/2018 21:32:8] /reload creaturescripts
[9/4/2018 21:37:40] /reload creaturescripts
[9/4/2018 22:4:0] /reload creaturescripts
[9/4/2018 22:13:35] /reload creaturescripts
[9/4/2018 22:23:12] /reload talkactions
[9/4/2018 22:34:15] /reload creaturescripts
[9/4/2018 22:34:20] /reload talkactions
[9/4/2018 22:34:54] /reload talkactions
[9/4/2018 22:35:0] /reload creaturescripts
[9/4/2018 22:37:47] /reload talkactions
[9/4/2018 22:39:52] /reload talkactions
[9/4/2018 22:41:35] /reload talkactions
[9/4/2018 22:42:10] /reload talkactions
[9/4/2018 22:42:43] /reload talkactions
[9/4/2018 22:45:11] /reload talkactions
[9/4/2018 22:48:19] /reload talkactions
[9/4/2018 22:50:1] /reload talkactions
[9/4/2018 22:50:52] /reload talkactions
[9/4/2018 22:51:26] /reload talkactions
[9/4/2018 22:55:0] /reload talkactions
[9/4/2018 22:59:57] /reload talkactions
[9/4/2018 23:0:49] /reload talkactions
[9/4/2018 23:7:59] /reload talkactions
[9/4/2018 23:9:3] /reload talkactions
[15/4/2018 20:38:3] /reload talkactions
[15/4/2018 20:45:9] /reload talkactions
[15/4/2018 20:46:1] /reload talkactions
[15/4/2018 20:46:53] /reload talkactions
[15/4/2018 20:49:1] /reload talkactions
[15/4/2018 20:49:47] /reload talkactions
[15/4/2018 23:12:6] /c onca
[15/4/2018 23:12:9] /c aviao
[19/4/2018 18:55:55] /reload talkactions
[19/4/2018 18:56:2] /reload creaturescripts
[19/4/2018 20:5:21] /reload talkactions
[19/4/2018 20:5:29] /reload creaturescripts
[19/4/2018 20:6:39] /reload talkactions
[19/4/2018 20:8:12] /reload talkactions
[19/4/2018 20:10:14] /reload talkactions
[19/4/2018 20:10:19] /reload creaturescripts
[19/4/2018 20:10:26] /reload talkactions
[19/4/2018 20:11:10] /reload talkactions
[19/4/2018 20:11:14] /reload talkactions
[19/4/2018 20:12:18] /reload talkactions
[19/4/2018 20:12:22] /reload creaturescripts
[19/4/2018 20:13:39] /reload talkactions
[19/4/2018 20:13:51] /reload talkactions
[19/4/2018 20:15:56] /reload talkactions
[19/4/2018 20:16:3] /reload creaturescripts
[19/4/2018 20:16:8] /reload creaturescripts
[19/4/2018 20:16:25] /reload talkactions
[19/4/2018 20:16:51] /reload talkactions
[19/4/2018 20:17:22] /reload talkactions
[19/4/2018 20:17:29] /reload creaturescripts
[19/4/2018 20:19:16] /reload talkactions
[19/4/2018 20:20:40] /reload talkactions
[19/4/2018 20:20:46] /reload creaturescripts
[19/4/2018 20:23:35] /reload talkactions
[19/4/2018 20:25:8] /reload talkactions
[19/4/2018 20:25:49] /reload talkactions
[19/4/2018 20:25:54] /reload creaturescripts
[19/4/2018 20:39:7] /reload creaturescripts
[19/4/2018 20:39:13] /reload talkactions
[21/4/2018 16:51:59] /reload talkactions
[21/4/2018 16:53:41] /reload talkactions
[21/4/2018 16:54:32] /reload talkactions
[21/4/2018 17:2:3] /reload talkactions
[21/4/2018 17:3:0] /reload talkactions
[21/4/2018 17:6:40] /reload talkactions
[21/4/2018 17:24:8] /goto aviao
[21/4/2018 17:24:9] /a 2
[21/4/2018 17:24:9] /a 2
[21/4/2018 17:24:10] /a 2
[21/4/2018 17:24:10] /a 2
[21/4/2018 17:24:10] /a 2
[21/4/2018 17:24:10] /a 2
[21/4/2018 17:24:10] /a 2
[21/4/2018 17:24:10] /a 2
[21/4/2018 17:24:11] /a 2
[21/4/2018 17:24:11] /a 2
[21/4/2018 17:24:11] /a 2
[21/4/2018 17:24:11] /a 2
[21/4/2018 17:24:12] /a 2
[21/4/2018 17:24:12] /a 2
[21/4/2018 17:24:12] /a 2
[21/4/2018 17:24:12] /a 2
[21/4/2018 17:24:12] /a 2
[21/4/2018 17:24:12] /a 2
[21/4/2018 17:24:13] /a 2
[21/4/2018 17:24:13] /a 2
[21/4/2018 17:24:13] /a 2
[21/4/2018 17:24:13] /a 2
[21/4/2018 17:24:14] /a 2
[21/4/2018 17:24:14] /a 2
[21/4/2018 17:24:14] /a 2
[21/4/2018 17:24:14] /a 2
[21/4/2018 17:24:14] /a 2
[21/4/2018 17:24:14] /a 2
[21/4/2018 17:24:15] /a 2
[21/4/2018 17:24:15] /a 2
[21/4/2018 17:24:15] /a 2
[21/4/2018 17:24:15] /a 2
[21/4/2018 17:24:15] /a 2
[21/4/2018 17:24:15] /a 2
[21/4/2018 17:24:16] /a 2
[21/4/2018 17:24:16] /a 2
[21/4/2018 17:24:16] /a 2
[21/4/2018 17:24:16] /a 2
[21/4/2018 17:24:17] /a 2
[21/4/2018 17:24:17] /a 2
[21/4/2018 17:24:17] /a 2
[21/4/2018 17:24:18] /a 2
[21/4/2018 17:24:18] /a 2
[21/4/2018 17:24:18] /a 2
[21/4/2018 17:24:18] /a 2
[21/4/2018 17:24:18] /a 2
[21/4/2018 17:24:18] /a 2
[21/4/2018 17:24:19] /a 2
[21/4/2018 17:24:19] /a 2
[21/4/2018 17:24:19] /a 2
[21/4/2018 17:24:20] /a 2
[21/4/2018 17:24:20] /a 2
[21/4/2018 17:24:24] /up
[21/4/2018 17:24:25] /up
[21/4/2018 17:24:26] /up
[21/4/2018 17:24:28] /up
[21/4/2018 17:24:30] /up
[21/4/2018 17:24:34] /c aviao
[21/4/2018 17:24:37] /a 2
[21/4/2018 17:24:38] /a 2
[21/4/2018 17:24:38] /a 2
[21/4/2018 17:24:38] /a 2
[21/4/2018 17:24:38] /a 2
[21/4/2018 17:24:41] /down
[21/4/2018 17:24:41] /down
[21/4/2018 17:24:42] /down
[21/4/2018 17:24:44] /a 2
[21/4/2018 17:24:44] /a 2
[21/4/2018 17:24:46] /down
[21/4/2018 17:24:50] /down
[21/4/2018 17:24:51] /down
[21/4/2018 17:24:52] /down
[21/4/2018 17:24:53] /t
[21/4/2018 17:25:3] /goto onca
[21/4/2018 17:25:4] /a 2
[21/4/2018 17:25:4] /a 2
[21/4/2018 17:25:4] /a 2
[21/4/2018 17:25:5] /a 2
[21/4/2018 17:25:5] /a 2
[21/4/2018 17:25:5] /a 2
[21/4/2018 17:25:5] /a 2
[21/4/2018 17:25:5] /a 2
[21/4/2018 17:25:5] /a 2
[21/4/2018 17:25:5] /a 2
[21/4/2018 17:25:5] /a 2
[21/4/2018 17:25:5] /a 2
[21/4/2018 17:25:5] /a 2
[21/4/2018 17:25:5] /a 2
[21/4/2018 17:25:5] /a 2
[21/4/2018 17:25:5] /a 2
[21/4/2018 17:25:5] /a 2
[21/4/2018 17:25:5] /a 2
[21/4/2018 17:25:5] /a 2
[21/4/2018 17:25:5] /a 2
[21/4/2018 17:25:5] /a 2
[21/4/2018 17:25:5] /a 2
[21/4/2018 17:25:5] /a 2
[21/4/2018 17:25:5] /a 2
[21/4/2018 17:25:5] /a 2
[21/4/2018 17:25:5] /a 2
[21/4/2018 17:25:6] /a 2
[21/4/2018 17:25:6] /a 2
[21/4/2018 17:25:6] /a 2
[21/4/2018 17:25:6] /a 2
[21/4/2018 17:25:6] /a 2
[21/4/2018 17:25:6] /a 2
[21/4/2018 17:25:7] /a 2
[21/4/2018 17:25:7] /a 2
[21/4/2018 17:25:7] /a 2
[21/4/2018 17:25:7] /a 2
[21/4/2018 17:25:7] /a 2
[21/4/2018 17:25:8] /a 2
[21/4/2018 17:25:8] /a 2
[21/4/2018 17:25:8] /a 2
[21/4/2018 17:25:8] /a 2
[21/4/2018 17:25:8] /a 2
[21/4/2018 17:25:8] /a 2
[21/4/2018 17:25:8] /a 2
[21/4/2018 17:25:8] /a 2
[21/4/2018 17:25:8] /a 2
[21/4/2018 17:25:8] /a 2
[21/4/2018 17:25:8] /a 2
[21/4/2018 17:25:8] /a 2
[21/4/2018 17:25:8] /a 2
[21/4/2018 17:25:8] /a 2
[21/4/2018 17:25:8] /a 2
[21/4/2018 17:25:9] /a 2
[21/4/2018 17:25:9] /a 2
[21/4/2018 17:25:9] /a 2
[21/4/2018 17:25:9] /a 2
[21/4/2018 17:25:9] /a 2
[21/4/2018 17:25:9] /a 2
[21/4/2018 17:25:9] /a 2
[21/4/2018 17:25:9] /a 2
[21/4/2018 17:25:9] /a 2
[21/4/2018 17:25:9] /a 2
[21/4/2018 17:25:9] /a 2
[21/4/2018 17:25:9] /a 2
[21/4/2018 17:25:9] /a 2
[21/4/2018 17:25:9] /a 2
[21/4/2018 17:25:9] /a 2
[21/4/2018 17:25:9] /a 2
[21/4/2018 17:25:10] /a 2
[21/4/2018 17:25:10] /a 2
[21/4/2018 17:25:10] /a 2
[21/4/2018 17:25:10] /a 2
[21/4/2018 17:25:11] /a 2
[21/4/2018 17:25:11] /a 2
[21/4/2018 17:25:11] /a 2
[21/4/2018 17:25:11] /a 2
[21/4/2018 17:25:12] /a 2
[21/4/2018 17:25:12] /a 2
[21/4/2018 17:25:14] /a 2
[21/4/2018 17:25:15] /c onca
[21/4/2018 17:25:18] /a 2
[21/4/2018 17:25:18] /a 2
[21/4/2018 17:25:18] /a 2
[21/4/2018 17:25:18] /a 2
[21/4/2018 17:25:19] /a 2
[21/4/2018 17:25:19] /a 2
[21/4/2018 17:25:19] /a 2
[21/4/2018 17:25:19] /a 2
[21/4/2018 17:25:19] /a 2
[21/4/2018 17:25:20] /a 2
[21/4/2018 17:25:20] /a 2
[21/4/2018 17:25:20] /a 2
[21/4/2018 17:25:20] /a 2
[21/4/2018 17:25:21] /a 2
[21/4/2018 17:25:21] /a 2
[21/4/2018 17:25:21] /a 2
[21/4/2018 17:25:21] /a 2
[21/4/2018 17:25:22] /a 2
[21/4/2018 17:25:22] /a 2
[21/4/2018 17:25:22] /a 2
[21/4/2018 17:25:22] /a 2
[21/4/2018 17:25:23] /a 2
[21/4/2018 17:25:23] /a 2
[21/4/2018 17:25:23] /a 2
[21/4/2018 17:25:24] /a 2
[21/4/2018 17:25:24] /a 2
[21/4/2018 17:25:25] /a 2
[21/4/2018 17:25:25] /a 2
[21/4/2018 17:25:25] /a 2
[21/4/2018 17:25:27] /c onca
[21/4/2018 17:26:48] /reload talkactions
[21/4/2018 17:26:54] /reload creaturescripts
[21/4/2018 17:35:26] /reload talkactions
[21/4/2018 17:35:31] /reload creaturescripts
[21/4/2018 17:36:8] /reload talkactions
[21/4/2018 17:36:27] /reload talkactions
[21/4/2018 18:32:38] /reload talkactions
[21/4/2018 18:32:57] /reload creaturescripts
[21/4/2018 18:35:5] /reload talkactions
[21/4/2018 18:40:12] /reload talkactions
[21/4/2018 18:41:0] /reload talkactions
[21/4/2018 18:42:1] /reload talkactions
[21/4/2018 18:43:39] /reload talkactions
[21/4/2018 18:52:1] /reload talkactions
[21/4/2018 18:56:20] /reload talkactions
[21/4/2018 19:2:4] /reload talkactions
[21/4/2018 19:2:12] /reload creaturescripts
[21/4/2018 19:2:29] /c onca
[21/4/2018 19:5:17] /reload talkactions
[21/4/2018 19:8:5] /reload talkactions
[21/4/2018 19:8:33] /reload talkactions
[21/4/2018 19:10:35] /c aviao
[21/4/2018 19:10:39] /c teste
[21/4/2018 19:10:47] /c onca
[21/4/2018 19:30:28] /reload talkactions
[21/4/2018 19:34:9] /reload talkactions
[21/4/2018 19:38:4] /reload talkactions
[21/4/2018 19:41:49] /c teste
[21/4/2018 19:41:50] /c onca
[21/4/2018 19:56:32] /reload talkactions
[21/4/2018 20:2:40] /reload talkactions
[21/4/2018 20:2:45] /reload creaturescripts
[21/4/2018 20:12:29] /reload talkactions
[21/4/2018 20:12:35] /reload creaturescripts
[21/4/2018 20:18:51] /reload talkactions
[21/4/2018 20:18:56] /reload creaturescripts
[21/4/2018 20:19:5] /c teste
[21/4/2018 20:19:11] /c onca
[21/4/2018 20:20:40] /reload talkactions
[21/4/2018 20:20:45] /reload creaturescripts
[21/4/2018 20:24:19] /goto onca
[21/4/2018 20:24:20] /a 2
[21/4/2018 20:24:20] /a 2
[21/4/2018 20:24:20] /a 2
[21/4/2018 20:24:20] /a 2
[21/4/2018 20:24:20] /a 2
[21/4/2018 20:24:20] /a 2
[21/4/2018 20:24:20] /a 2
[21/4/2018 20:24:20] /a 2
[21/4/2018 20:24:20] /a 2
[21/4/2018 20:24:20] /a 2
[21/4/2018 20:24:20] /a 2
[21/4/2018 20:24:21] /a 2
[21/4/2018 20:24:21] /a 2
[21/4/2018 20:24:21] /a 2
[21/4/2018 20:24:21] /a 2
[21/4/2018 20:24:21] /a 2
[21/4/2018 20:24:21] /a 2
[21/4/2018 20:24:21] /a 2
[21/4/2018 20:24:22] /a 2
[21/4/2018 20:24:22] /a 2
[21/4/2018 20:24:22] /a 2
[21/4/2018 20:24:22] /a 2
[21/4/2018 20:24:22] /a 2
[21/4/2018 20:24:22] /a 2
[21/4/2018 20:24:22] /a 2
[21/4/2018 20:24:22] /a 2
[21/4/2018 20:24:22] /a 2
[21/4/2018 20:24:23] /a 2
[21/4/2018 20:24:23] /a 2
[21/4/2018 20:24:24] /a 2
[21/4/2018 20:24:24] /a 2
[21/4/2018 20:24:24] /a 2
[21/4/2018 20:24:24] /a 2
[21/4/2018 20:24:33] /up
[21/4/2018 20:24:35] /a 2
[21/4/2018 20:24:35] /a 2
[21/4/2018 20:24:35] /a 2
[21/4/2018 20:24:37] /a 2
[21/4/2018 20:24:37] /a 2
[21/4/2018 20:24:37] /a 2
[21/4/2018 20:24:38] /a 2
[21/4/2018 20:24:38] /a 2
[21/4/2018 20:24:38] /a 2
[21/4/2018 20:24:38] /a 2
[21/4/2018 20:24:38] /a 2
[21/4/2018 20:24:38] /a 2
[21/4/2018 20:24:40] /a 2
[21/4/2018 20:24:41] /up
[21/4/2018 20:24:42] /up
[21/4/2018 20:24:44] /a 2
[21/4/2018 20:24:45] /a 2
[21/4/2018 20:24:46] /up
[21/4/2018 20:24:50] /up
[21/4/2018 20:24:53] /c onca
[21/4/2018 20:24:54] /t
[21/4/2018 20:53:28] /reload talkactions
[21/4/2018 20:53:35] /reload creaturescripts
[21/4/2018 20:55:25] /c oncao
[21/4/2018 20:55:27] /c onca
[21/4/2018 20:55:28] /c teste
[21/4/2018 20:55:32] /r
[21/4/2018 20:55:34] /r
[21/4/2018 20:55:57] /reload talkactions
[21/4/2018 20:59:22] /reload talkactions
[21/4/2018 20:59:34] /reload talkactions
[21/4/2018 21:13:29] /reload talkactions
[21/4/2018 21:13:35] /reload creaturescripts
[21/4/2018 21:25:43] /reload talkactions
[21/4/2018 21:25:48] /reload creaturescripts
[21/4/2018 21:28:1] /reload talkactions
[21/4/2018 21:28:6] /reload creaturescripts
[21/4/2018 21:29:41] /reload talkactions
[21/4/2018 21:34:41] /reload talkactions
[21/4/2018 21:34:46] /reload creaturescripts
[21/4/2018 21:34:52] /r
[21/4/2018 21:34:54] /c onca
[21/4/2018 21:34:56] /r
[21/4/2018 21:43:46] /reload talkactions
[21/4/2018 21:43:51] /reload creaturescripts
[21/4/2018 21:45:32] /reload talkactions
[21/4/2018 21:45:37] /reload creaturescripts
[21/4/2018 21:51:50] /reload talkactions
[21/4/2018 21:51:55] /reload creaturescripts
[21/4/2018 21:54:59] /reload talkactions
[21/4/2018 21:55:5] /reload creaturescripts
[21/4/2018 21:57:26] /reload talkactions
[21/4/2018 21:57:31] /reload talkactions
[21/4/2018 21:57:37] /reload creaturescripts
[21/4/2018 22:0:30] /reload talkactions
[21/4/2018 22:0:34] /reload creaturescripts
