[15/4/2018 22:13:10] /citywar invite, Teste Entrosado, carlin, 0, tradicional, 15
[15/4/2018 22:15:7] /citywar invite, Teste Entrosado, carlin, 0, tradicional, 15
[15/4/2018 22:16:41] /citywar invite, Teste Entrosado, carlin, 0, tradicional, 15,1000
[15/4/2018 22:16:47] /citywar invite, Teste Entrosado, carlin, 0, tradicional, 1
[15/4/2018 22:16:51] /citywar invite, Teste Entrosado, carlin, 0, tradicional, 5
[15/4/2018 22:16:53] /citywar invite, Teste Entrosado, carlin, 0, tradicional, 10
[15/4/2018 22:16:56] /citywar invite, Teste Entrosado, carlin, 0, tradicional, 15
[15/4/2018 22:17:1] /citywar invite, Teste Entrosado, carlin, 0, tradicional, 30
[15/4/2018 22:17:5] /citywar invite, Teste Entrosado, carlin, 0, tradicional, 15
[15/4/2018 22:18:3] /citywar invite, Teste Entrosado, carlin, 0, tradicional, 15
[15/4/2018 22:19:41] /citywar invite, Teste Entrosado, carlin, 0, tradicional, 15
[15/4/2018 22:20:1] /citywar go
[15/4/2018 22:20:7] /citywar go
[15/4/2018 22:20:10] /citywar go
[15/4/2018 22:20:12] /citywar go
[15/4/2018 22:20:14] /citywar go
[15/4/2018 22:20:18] /citywar go
[15/4/2018 22:20:29] /citywar go
[15/4/2018 22:20:33] /citywar go
[15/4/2018 22:20:38] /citywar go
[15/4/2018 22:20:48] /citywar go
[15/4/2018 22:20:53] /citywar go
[15/4/2018 22:25:56] /citywar go
[15/4/2018 22:26:34] /citywar go
[15/4/2018 22:27:17] /citywar invite,Teste Entrosado, Carlin,0,1,15
[15/4/2018 22:27:30] /citywar go
[15/4/2018 22:27:34] /citywar go
[15/4/2018 22:27:36] /citywar go
[15/4/2018 22:27:48] /citywar go
[15/4/2018 22:28:0] /citywar go
[15/4/2018 22:28:2] /citywar go
[15/4/2018 22:28:3] /citywar go
[15/4/2018 22:28:4] /citywar go
[15/4/2018 22:28:16] /citywar go
[15/4/2018 22:29:38] /citywar go
[15/4/2018 22:29:44] /citywar go
[15/4/2018 22:29:50] /citywar go
[15/4/2018 22:29:54] /citywar go
[15/4/2018 22:30:19] /citywar invite, Teste Entrosado, carlin,0,1,15
[15/4/2018 22:30:25] /citywar go
[15/4/2018 22:33:12] /citywar invite, Aviao, carlin, 0, tradicional, 15
[15/4/2018 22:33:59] /citywar go
[15/4/2018 22:34:6] /citywar go
[15/4/2018 22:34:15] /citywar go
[15/4/2018 22:34:16] /citywar go
[15/4/2018 22:34:18] /citywar go
[15/4/2018 22:35:41] /citywar go
[15/4/2018 22:35:44] /citywar go
[15/4/2018 23:0:32] /citywar invite, Aviao, carlin, 0, tradicional, 15
[15/4/2018 23:0:48] /citywar invite, Aviao, carlin, 0, tradicional, 15
[15/4/2018 23:1:2] /citywar go
[15/4/2018 23:1:5] /citywar go
[15/4/2018 23:1:44] /citywar go
[15/4/2018 23:2:40] !citywar go
[15/4/2018 23:2:44] !citywar 
[15/4/2018 23:2:47] !citywar invite
[15/4/2018 23:2:54] /citywar invite, Aviao, carlin, 0, tradicional, 15
[15/4/2018 23:3:5] !citywar go
[15/4/2018 23:5:29] !citywar go
[15/4/2018 23:8:21] /citywar invite, Aviao, carlin, 0, tradicional, 15
[17/4/2018 22:16:14] /citywar invite, Teste Entrosado, carlin, 0,tradicional,15
[17/4/2018 22:16:34] /citywar go
[17/4/2018 22:16:44] /citywar go
[17/4/2018 23:12:19] /citywar accept, teste entrosado
[17/4/2018 23:12:26] /citywar go
[17/4/2018 23:13:8] /citywar go
[17/4/2018 23:14:16] /citywar go
[17/4/2018 23:21:56] /citywar go
[17/4/2018 23:29:42] /citywar accept, Teste Entrosado
[17/4/2018 23:29:46] /citywar go
[17/4/2018 23:30:30] !citywar 
[17/4/2018 23:30:33] !citywar go
[17/4/2018 23:30:35] !citywar Go
[17/4/2018 23:30:38] !citywar GO
[17/4/2018 23:30:40] !citywar go
[18/4/2018 21:59:55] /citywar accept, teste entrosado
[18/4/2018 22:0:6] /citywar go
[18/4/2018 22:0:20] /citywar go
[18/4/2018 22:0:23] /citywar go
[18/4/2018 22:0:28] /citywar go
[18/4/2018 22:1:16] /citywar accept, teste entrosado
[18/4/2018 22:1:23] /citywar go
[18/4/2018 22:13:18] /citywar accept, teste entrosado
[18/4/2018 22:13:24] /citywar go
[18/4/2018 22:13:54] /citywar go
[18/4/2018 22:14:15] /citywar accept, teste entrosado
[18/4/2018 22:14:17] /citywar go
[18/4/2018 22:14:21] /citywar go
[18/4/2018 22:14:23] /citywar go
[18/4/2018 22:16:43] /citywar go
[18/4/2018 22:17:11] /citywar go
[18/4/2018 22:17:15] /citywar accept
[18/4/2018 22:17:18] /citywar accept
[18/4/2018 22:17:30] /citywar accept
[18/4/2018 22:17:35] /citywar accept, Teste Entrosado
[18/4/2018 22:17:56] /citywar accept, Teste Entrosado
[18/4/2018 22:17:59] /citywar accept
[18/4/2018 22:18:1] /citywar go
[18/4/2018 22:18:8] /citywar go
[18/4/2018 22:18:11] /citywar go
[18/4/2018 22:20:7] /citywar go
[18/4/2018 22:20:10] /citywar accept
[18/4/2018 22:20:11] /citywar accept
[18/4/2018 22:20:44] /citywar accept
[18/4/2018 22:20:49] /citywar accept, Teste entrosado
[18/4/2018 22:21:12] /citywar go
[18/4/2018 22:21:15] /citywar accept
[18/4/2018 22:21:27] /citywar accept, Teste entrosado
[18/4/2018 22:22:6] /citywar accept
[18/4/2018 22:22:10] /citywar accept, Teste entrosado
[18/4/2018 22:22:16] /citywar go
[18/4/2018 22:22:24] /citywar go
[18/4/2018 22:23:34] /citywar go
[18/4/2018 22:23:38] /citywar go
[18/4/2018 22:23:54] /citywar go
[18/4/2018 22:23:59] /citywar go
[18/4/2018 23:0:45] /citywar invite
[18/4/2018 23:0:50] /citywar invite, Oncao, carlin,0,1,3
[18/4/2018 23:1:41] /citywar go
[18/4/2018 23:1:57] /citywar accept
[18/4/2018 23:2:2] /citywar accept, Teste entrosado
[18/4/2018 23:2:4] /citywar go
[18/4/2018 23:2:5] /citywar go
[18/4/2018 23:2:6] /citywar go
[18/4/2018 23:2:16] /citywar go
[18/4/2018 23:2:53] /citywar go
[18/4/2018 23:3:1] /citywar go
[18/4/2018 23:3:10] /citywar go
[18/4/2018 23:3:14] /citywar accept
[18/4/2018 23:3:17] /citywar accept, Teste entrosado
[18/4/2018 23:3:21] /citywar go
[18/4/2018 23:4:24] /citywar go
[18/4/2018 23:4:29] /citywar go
[18/4/2018 23:4:33] /citywar exit
[18/4/2018 23:4:35] /citywar exit
[18/4/2018 23:4:37] /citywar exit
[18/4/2018 23:4:41] /citywar exit
[18/4/2018 23:5:34] /citywar go
[18/4/2018 23:5:38] /citywar go
[18/4/2018 23:5:42] /citywar go
[18/4/2018 23:14:17] /citywar go
[18/4/2018 23:14:23] /citywar go
[18/4/2018 23:14:29] /citywar accept, teste entrosado
[18/4/2018 23:14:42] /citywar go
[18/4/2018 23:18:13] /citywar accept, teste entrosado
[18/4/2018 23:18:14] /citywar go
[18/4/2018 23:18:20] /citywar go
[18/4/2018 23:18:30] /citywar go
[18/4/2018 23:19:23] /citywar go
[19/4/2018 18:48:33] !warcarlin invite
[19/4/2018 18:48:39] !warcarlin invite, Teste entrosa
[19/4/2018 18:48:41] !warcarlin invite, Teste entrosado
[19/4/2018 18:48:54] !warcarlin invite, Teste entrosado
[19/4/2018 18:50:5] !warcarlin go
[19/4/2018 19:18:6] /warcarlin go
[19/4/2018 19:18:10] /warcarlin go
