[22/4/2018 1:50:55] /warcarlin invite,alphabet,1
[22/4/2018 1:51:37] /warcarlin invite,cocozin,1
[22/4/2018 1:52:44] /warcarlin go
[22/4/2018 1:56:17] /warcarlin exit
[22/4/2018 1:56:52] /warcarlin invite,aviao
[22/4/2018 1:56:54] /warcarlin invite,aviao,1
[22/4/2018 1:58:23] /warcarlin invite,aviao,1
[22/4/2018 2:0:23] /warcarlin invite, aviao,1
[22/4/2018 2:0:46] /warcarlin go
[22/4/2018 2:1:22] /warcarlin go
[22/4/2018 2:4:2] /warcarlin invite, aviao,1
[22/4/2018 2:4:6] /warcarlin go
[22/4/2018 2:4:18] /warcarlin go
[22/4/2018 2:4:33] /warcarlin go
[22/4/2018 2:4:50] /warcarlin go
[22/4/2018 2:6:18] /warcarlin invite, aviao,1
[22/4/2018 2:6:22] /warcarlin go
[22/4/2018 2:6:31] /warcarlin go
[22/4/2018 2:6:46] /warcarlin go
[22/4/2018 2:7:0] /warcarlin go
[22/4/2018 2:7:15] /warcarlin go
[22/4/2018 2:9:8] /warcarlin invite, aviao,1
[22/4/2018 2:9:16] /warcarlin go
[22/4/2018 2:13:30] /warcarlin asdf
[22/4/2018 2:13:35] /warcarlin asdf
[22/4/2018 2:13:42] /warcarlin invite
[22/4/2018 2:13:45] /warcarlin invit
[22/4/2018 2:13:59] /warcarlin
[22/4/2018 2:14:8] /warcarlin
