----- 1/5/2018 16:56:29 - Matheus (127.0.0.1) -----
Comment: 
Graphic Engine: DirectX9 (2)
Operating System: Windows Vista Family in BRA
Processor: Intel Core i5 -4210U @ 
Video Card: Intel (R) HD GR
Last Packet Types: 100 011 010 031 100 020 000 000 000 000
Last Packet: 010 056 057 000 016 050 000 001 011 170 170 170 170 213 213 213
Player Position: [0,0,0]
Player Name: Matheus (New Baiak)
Player Action: 049 050 055 046 048 046 048 046 049 058 055 049 055 050
Player.cpp 361: exception occurred, reason:
Network.cpp 946: exception occurred (ErrorCode = 0), reason:
Control.cpp 1331: exception occurred (Type = 100) (MainWindow = 74365296), reason:
Communication.cpp 1681: exception occurred (PlayerX = 1083) (PlayerY = 1062), reason:
Communication.cpp 1659: exception occurred (xmin = 0) (ymin = 0), reason:
Communication.cpp 1638: exception occurred (Type = 97) (OldType = 10180), reason:
Communication.cpp 1592: exception occurred (Type = 97) (CreatureID = 268450104), reason:
Objects.cpp 604: exception occurred (Number = 386), reason:
Container.h 226: index out of range (original i: 386, i: 385, min: 1, d: 367)
Tue May 01 16:44:46 2018
Debug Assertion 8.60 Container.h 226

